<?xml version="1.0" encoding="UTF-8"?>
<!-- Generated by org.testng.reporters.JUnitReportReporter -->
<testsuite hostname="LAPTOP-LBM6U9VC" failures="0" tests="1" name="com.elocalshops.Runner.ValidateTitle" time="3.201" errors="0" timestamp="2021-11-02T13:47:12 IST" skipped="0">
  <testcase classname="com.elocalshops.Runner.ValidateTitle" name="Validation" time="3.201"/>
  <system-out/>
</testsuite> <!-- com.elocalshops.Runner.ValidateTitle -->
