<?xml version="1.0" encoding="UTF-8"?>
<!-- Generated by org.testng.reporters.JUnitReportReporter -->
<testsuite hostname="LAPTOP-LBM6U9VC" failures="0" tests="1" name="com.elocalshops.Runner.Add_FictionBook_to_cart" time="13.685" errors="0" timestamp="2021-11-04T21:08:10 IST" skipped="0">
  <testcase classname="com.elocalshops.Runner.Add_FictionBook_to_cart" name="Add_fictionbook_cart" time="13.685"/>
  <system-out/>
</testsuite> <!-- com.elocalshops.Runner.Add_FictionBook_to_cart -->
